<?xml version="1.0" encoding="UTF-8"?>
<testng-results skipped="0" failed="0" total="1" passed="1">
  <reporter-output>
  </reporter-output>
  <suite name="TestNgMavenExampleSuite" duration-ms="47364" started-at="2017-12-19T13:39:51Z" finished-at="2017-12-19T13:40:38Z">
    <groups>
    </groups>
    <test name="TestNGwithMaven" duration-ms="47364" started-at="2017-12-19T13:39:51Z" finished-at="2017-12-19T13:40:38Z">
      <class name="SeleniumAutomation.DriverScript">
        <test-method status="PASS" signature="createAccount()[pri:0, instance:SeleniumAutomation.DriverScript@58651fd0]" name="createAccount" duration-ms="47349" started-at="2017-12-19T19:09:51Z" finished-at="2017-12-19T19:10:38Z">
          <reporter-output>
          </reporter-output>
        </test-method> <!-- createAccount -->
      </class> <!-- SeleniumAutomation.DriverScript -->
    </test> <!-- TestNGwithMaven -->
  </suite> <!-- TestNgMavenExampleSuite -->
</testng-results>
